<?xml version="1.0" encoding="UTF-8"?>
<testng-results skipped="0" failed="0" ignored="0" total="1" passed="1">
  <reporter-output>
  </reporter-output>
  <suite name="Default suite" duration-ms="20168" started-at="2021-04-10T13:49:30 IST" finished-at="2021-04-10T13:49:51 IST">
    <groups>
    </groups>
    <test name="Default test" duration-ms="20168" started-at="2021-04-10T13:49:30 IST" finished-at="2021-04-10T13:49:51 IST">
      <class name="assignments.CasesTest">
        <test-method status="PASS" signature="assignment1()[pri:0, instance:assignments.CasesTest@4232c52b]" name="assignment1" duration-ms="20140" started-at="2021-04-10T13:49:30 IST" finished-at="2021-04-10T13:49:51 IST">
          <reporter-output>
          </reporter-output>
        </test-method> <!-- assignment1 -->
      </class> <!-- assignments.CasesTest -->
    </test> <!-- Default test -->
  </suite> <!-- Default suite -->
</testng-results>
